-------------------------------------------------------------------------------
Test set: com.meddew.ui.SampleWebUiApplicationTests
-------------------------------------------------------------------------------
Tests run: 3, Failures: 0, Errors: 3, Skipped: 0, Time elapsed: 0.005 s <<< FAILURE! - in com.meddew.ui.SampleWebUiApplicationTests
testCss  Time elapsed: 0.001 s  <<< ERROR!
java.lang.Error: 
Unresolved compilation problems: 
	The import org.springframework.boot.test.IntegrationTest cannot be resolved
	The import org.springframework.boot.test.SpringApplicationConfiguration cannot be resolved
	The import org.springframework.boot.test.TestRestTemplate cannot be resolved
	SpringApplicationConfiguration cannot be resolved to a type
	IntegrationTest cannot be resolved to a type
	TestRestTemplate cannot be resolved to a type
	TestRestTemplate cannot be resolved to a type
	TestRestTemplate cannot be resolved to a type

	at com.meddew.ui.SampleWebUiApplicationTests.<init>(SampleWebUiApplicationTests.java:24)

testHome  Time elapsed: 0.001 s  <<< ERROR!
java.lang.Error: 
Unresolved compilation problems: 
	The import org.springframework.boot.test.IntegrationTest cannot be resolved
	The import org.springframework.boot.test.SpringApplicationConfiguration cannot be resolved
	The import org.springframework.boot.test.TestRestTemplate cannot be resolved
	SpringApplicationConfiguration cannot be resolved to a type
	IntegrationTest cannot be resolved to a type
	TestRestTemplate cannot be resolved to a type
	TestRestTemplate cannot be resolved to a type
	TestRestTemplate cannot be resolved to a type

	at com.meddew.ui.SampleWebUiApplicationTests.<init>(SampleWebUiApplicationTests.java:24)

testCreate  Time elapsed: 0 s  <<< ERROR!
java.lang.Error: 
Unresolved compilation problems: 
	The import org.springframework.boot.test.IntegrationTest cannot be resolved
	The import org.springframework.boot.test.SpringApplicationConfiguration cannot be resolved
	The import org.springframework.boot.test.TestRestTemplate cannot be resolved
	SpringApplicationConfiguration cannot be resolved to a type
	IntegrationTest cannot be resolved to a type
	TestRestTemplate cannot be resolved to a type
	TestRestTemplate cannot be resolved to a type
	TestRestTemplate cannot be resolved to a type

	at com.meddew.ui.SampleWebUiApplicationTests.<init>(SampleWebUiApplicationTests.java:24)

