<?xml version="1.0" encoding="UTF-8"?>
<testsuite xmlns:xsi="http://www.w3.org/2001/XMLSchema-instance" xsi:noNamespaceSchemaLocation="https://maven.apache.org/surefire/maven-surefire-plugin/xsd/surefire-test-report.xsd" name="com.meddew.ui.SampleWebUiApplicationTests" time="0.005" tests="3" errors="3" skipped="0" failures="0">
  <properties>
[...]
</properties>
  <testcase name="testCss" classname="com.meddew.ui.SampleWebUiApplicationTests" time="0.001">
    <error message="Unresolved compilation problems: &#10;	The import org.springframework.boot.test.IntegrationTest cannot be resolved&#10;	The import org.springframework.boot.test.SpringApplicationConfiguration cannot be resolved&#10;	The import org.springframework.boot.test.TestRestTemplate cannot be resolved&#10;	SpringApplicationConfiguration cannot be resolved to a type&#10;	IntegrationTest cannot be resolved to a type&#10;	TestRestTemplate cannot be resolved to a type&#10;	TestRestTemplate cannot be resolved to a type&#10;	TestRestTemplate cannot be resolved to a type&#10;" type="java.lang.Error"><![CDATA[java.lang.Error: 
Unresolved compilation problems: 
	The import org.springframework.boot.test.IntegrationTest cannot be resolved
	The import org.springframework.boot.test.SpringApplicationConfiguration cannot be resolved
	The import org.springframework.boot.test.TestRestTemplate cannot be resolved
	SpringApplicationConfiguration cannot be resolved to a type
	IntegrationTest cannot be resolved to a type
	TestRestTemplate cannot be resolved to a type
	TestRestTemplate cannot be resolved to a type
	TestRestTemplate cannot be resolved to a type

	at com.meddew.ui.SampleWebUiApplicationTests.<init>(SampleWebUiApplicationTests.java:24)
]]></error>
  </testcase>
  <testcase name="testHome" classname="com.meddew.ui.SampleWebUiApplicationTests" time="0.001">
    <error message="Unresolved compilation problems: &#10;	The import org.springframework.boot.test.IntegrationTest cannot be resolved&#10;	The import org.springframework.boot.test.SpringApplicationConfiguration cannot be resolved&#10;	The import org.springframework.boot.test.TestRestTemplate cannot be resolved&#10;	SpringApplicationConfiguration cannot be resolved to a type&#10;	IntegrationTest cannot be resolved to a type&#10;	TestRestTemplate cannot be resolved to a type&#10;	TestRestTemplate cannot be resolved to a type&#10;	TestRestTemplate cannot be resolved to a type&#10;" type="java.lang.Error"><![CDATA[java.lang.Error: 
Unresolved compilation problems: 
	The import org.springframework.boot.test.IntegrationTest cannot be resolved
	The import org.springframework.boot.test.SpringApplicationConfiguration cannot be resolved
	The import org.springframework.boot.test.TestRestTemplate cannot be resolved
	SpringApplicationConfiguration cannot be resolved to a type
	IntegrationTest cannot be resolved to a type
	TestRestTemplate cannot be resolved to a type
	TestRestTemplate cannot be resolved to a type
	TestRestTemplate cannot be resolved to a type

	at com.meddew.ui.SampleWebUiApplicationTests.<init>(SampleWebUiApplicationTests.java:24)
]]></error>
  </testcase>
  <testcase name="testCreate" classname="com.meddew.ui.SampleWebUiApplicationTests" time="0">
    <error message="Unresolved compilation problems: &#10;	The import org.springframework.boot.test.IntegrationTest cannot be resolved&#10;	The import org.springframework.boot.test.SpringApplicationConfiguration cannot be resolved&#10;	The import org.springframework.boot.test.TestRestTemplate cannot be resolved&#10;	SpringApplicationConfiguration cannot be resolved to a type&#10;	IntegrationTest cannot be resolved to a type&#10;	TestRestTemplate cannot be resolved to a type&#10;	TestRestTemplate cannot be resolved to a type&#10;	TestRestTemplate cannot be resolved to a type&#10;" type="java.lang.Error"><![CDATA[java.lang.Error: 
Unresolved compilation problems: 
	The import org.springframework.boot.test.IntegrationTest cannot be resolved
	The import org.springframework.boot.test.SpringApplicationConfiguration cannot be resolved
	The import org.springframework.boot.test.TestRestTemplate cannot be resolved
	SpringApplicationConfiguration cannot be resolved to a type
	IntegrationTest cannot be resolved to a type
	TestRestTemplate cannot be resolved to a type
	TestRestTemplate cannot be resolved to a type
	TestRestTemplate cannot be resolved to a type

	at com.meddew.ui.SampleWebUiApplicationTests.<init>(SampleWebUiApplicationTests.java:24)
]]></error>
  </testcase>
</testsuite>